{"C:/www/postcss-plugins/postcss-blend-colors/src/mixColors.ts": {"path":"C:/www/postcss-plugins/postcss-blend-colors/src/mixColors.ts","statementMap":{"0":{"start":{"line":3,"column":18},"end":{"line":8,"column":null}},"1":{"start":{"line":4,"column":2},"end":{"line":6,"column":null}},"2":{"start":{"line":5,"column":4},"end":{"line":5,"column":null}},"3":{"start":{"line":7,"column":2},"end":{"line":7,"column":null}}},"fnMap":{"0":{"name":"(anonymous_0)","decl":{"start":{"line":3,"column":18},"end":{"line":3,"column":19}},"loc":{"start":{"line":3,"column":125},"end":{"line":8,"column":null}}}},"branchMap":{"0":{"loc":{"start":{"line":3,"column":67},"end":{"line":3,"column":88}},"type":"default-arg","locations":[{"start":{"line":3,"column":83},"end":{"line":3,"column":88}}]},"1":{"loc":{"start":{"line":4,"column":2},"end":{"line":6,"column":null}},"type":"if","locations":[{"start":{"line":4,"column":2},"end":{"line":6,"column":null}},{"start":{"line":4,"column":2},"end":{"line":6,"column":null}}]},"2":{"loc":{"start":{"line":4,"column":6},"end":{"line":4,"column":30}},"type":"binary-expr","locations":[{"start":{"line":4,"column":6},"end":{"line":4,"column":19}},{"start":{"line":4,"column":19},"end":{"line":4,"column":30}}]}},"s":{"0":1,"1":3,"2":1,"3":3},"f":{"0":3},"b":{"0":[1],"1":[1,2],"2":[3,3]}}
}
