{"total": {"lines":{"total":21,"covered":21,"skipped":0,"pct":100},"statements":{"total":21,"covered":21,"skipped":0,"pct":100},"functions":{"total":4,"covered":4,"skipped":0,"pct":100},"branches":{"total":13,"covered":11,"skipped":0,"pct":84.61},"branchesTrue":{"total":0,"covered":0,"skipped":0,"pct":"Unknown"}}
,"C:/www/postcss-plugins/postcss-blend-colors/index.js": {"lines":{"total":15,"covered":15,"skipped":0,"pct":100},"functions":{"total":3,"covered":3,"skipped":0,"pct":100},"statements":{"total":15,"covered":15,"skipped":0,"pct":100},"branches":{"total":7,"covered":5,"skipped":0,"pct":71.42}}
,"C:/www/postcss-plugins/postcss-blend-colors/mixColors.js": {"lines":{"total":6,"covered":6,"skipped":0,"pct":100},"functions":{"total":1,"covered":1,"skipped":0,"pct":100},"statements":{"total":6,"covered":6,"skipped":0,"pct":100},"branches":{"total":6,"covered":6,"skipped":0,"pct":100}}
}
